Workspace environment set for:
   /storage/workspaces/giub_hydro/hydro 

The following have been reloaded with a version change:
  1) zlib/.1.2.11-GCCcore-10.3.0 => zlib/.1.2.11

2022-12-15 17:12:24.461543: I tensorflow/core/platform/cpu_feature_guard.cc:141] Your CPU supports instructions that this TensorFlow binary was not compiled to use: AVX2 FMA
X shape: [46, 56, 31]
y shape: [46, 56, 1]
loads weigths
analysing LRPz
saving LRPz
analysing LRPcomp
saving LRP composite
analysing LRPcompflat
saving LRPcompflat
loads weigths of NULL model
analysing Baselines
saving LRPz
analysing LRPcomp
saving LRP composite
analysing LRPcompflat
saving LRPcompflat
Using TensorFlow backend.
